This is pdfTeX, Version 3.1415926-1.40.10 (TeX Live 2009) (format=pdflatex 2010.5.21)  30 AUG 2010 17:15
entering extended mode
 %&-line parsing enabled.
**pulse.tex
(./pulse.tex
LaTeX2e <2009/09/24>
Babel <v3.8l> and hyphenation patterns for english, usenglishmax, dumylang, noh
yphenation, german-x-2009-06-19, ngerman-x-2009-06-19, pinyin, german, ngerman,
 loaded.
(/home/timy/Software/texlive/texmf-dist/tex/latex/base/article.cls
Document Class: article 2007/10/19 v1.4h Standard LaTeX document class
(/home/timy/Software/texlive/texmf-dist/tex/latex/base/size10.clo
File: size10.clo 2007/10/19 v1.4h Standard LaTeX file (size option)
)
\c@part=\count79
\c@section=\count80
\c@subsection=\count81
\c@subsubsection=\count82
\c@paragraph=\count83
\c@subparagraph=\count84
\c@figure=\count85
\c@table=\count86
\abovecaptionskip=\skip41
\belowcaptionskip=\skip42
\bibindent=\dimen102
)
(./pulse.aux)
\openout1 = `pulse.aux'.

LaTeX Font Info:    Checking defaults for OML/cmm/m/it on input line 4.
LaTeX Font Info:    ... okay on input line 4.
LaTeX Font Info:    Checking defaults for T1/cmr/m/n on input line 4.
LaTeX Font Info:    ... okay on input line 4.
LaTeX Font Info:    Checking defaults for OT1/cmr/m/n on input line 4.
LaTeX Font Info:    ... okay on input line 4.
LaTeX Font Info:    Checking defaults for OMS/cmsy/m/n on input line 4.
LaTeX Font Info:    ... okay on input line 4.
LaTeX Font Info:    Checking defaults for OMX/cmex/m/n on input line 4.
LaTeX Font Info:    ... okay on input line 4.
LaTeX Font Info:    Checking defaults for U/cmr/m/n on input line 4.
LaTeX Font Info:    ... okay on input line 4.
LaTeX Font Info:    External font `cmex10' loaded for size
(Font)              <7> on input line 7.
LaTeX Font Info:    External font `cmex10' loaded for size
(Font)              <5> on input line 7.
 [1

{/home/timy/.texlive2009/texmf-var/fonts/map/pdftex/updmap/pdftex.map}] (./puls
e.aux) ) 
Here is how much of TeX's memory you used:
 209 strings out of 495009
 2252 string characters out of 3179253
 47084 words of memory out of 3000000
 3485 multiletter control sequences out of 15000+200000
 4567 words of font info for 17 fonts, out of 3000000 for 9000
 28 hyphenation exceptions out of 8191
 23i,8n,17p,170b,107s stack positions out of 5000i,500n,10000p,200000b,50000s
</home/timy/Software/texlive/texmf-dist/fonts/type1/public/amsfonts/cm/
cmbx10.pfb></home/timy/Software/texlive/texmf-dist/fonts/type1/public/amsfonts/
cm/cmex10.pfb></home/timy/Software/texlive/texmf-dist/fonts/type1/public/amsfon
ts/cm/cmmi10.pfb></home/timy/Software/texlive/texmf-dist/fonts/type1/public/ams
fonts/cm/cmr10.pfb></home/timy/Software/texlive/texmf-dist/fonts/type1/public/a
msfonts/cm/cmr7.pfb></home/timy/Software/texlive/texmf-dist/fonts/type1/public/
amsfonts/cm/cmsy10.pfb>
Output written on pulse.pdf (1 page, 57637 bytes).
PDF statistics:
 30 PDF objects out of 1000 (max. 8388607)
 0 named destinations out of 1000 (max. 500000)
 1 words of extra memory for PDF output out of 10000 (max. 10000000)

